{
  "time" : 1576142051557,
  "blocks" : [
      {
          "type" : "paragraph",
          "data" : {
              "text" : "hello &lt;b&gt;World2&lt;/b&gt;"
          }
      },
      {
          "type" : "header",
          "data" : {
              "text" : "testing&lt;i&gt;hello&lt;/i&gt;",
              "level" : 2
          }
      },
      {
            "type": "qiniuImage",
            "data": {
                "url": "http://assets.wedxt.com/1576659125484-%E5%B1%8F%E5%B9%95%E5%BF%AB%E7%85%A7%202019-10-15%2021.34.57.png",
                "caption": "",
                "withBorder": false,
                "withBackground": false,
                "stretched": false
            }
        }
  ],
  "version" : "2.16.1"
}
